<?xml version="1.0" encoding="UTF-8" ?>
<testsuite tests="3" failures="0" name="TestSuite" time="10.356" errors="0" skipped="0">
  <properties>
    <property name="java.runtime.name" value="Java(TM) SE Runtime Environment"/>
    <property name="java.vm.version" value="11.0.7+8-LTS"/>
    <property name="sun.boot.library.path" value="C:\Program Files\Java\jdk-11.0.7\bin"/>
    <property name="browser" value="FIREFOX"/>
    <property name="user.country.format" value="UA"/>
    <property name="url" value="https://google.ru/"/>
    <property name="maven.multiModuleProjectDirectory" value="C:\Users\yevhenii.prybytko\OneDrive\Ownframework"/>
    <property name="java.vm.vendor" value="Oracle Corporation"/>
    <property name="java.vendor.url" value="https://openjdk.java.net/"/>
    <property name="guice.disable.misplaced.annotation.check" value="true"/>
    <property name="path.separator" value=";"/>
    <property name="java.vm.name" value="Java HotSpot(TM) 64-Bit Server VM"/>
    <property name="sun.os.patch.level" value=""/>
    <property name="user.script" value=""/>
    <property name="user.country" value="US"/>
    <property name="sun.java.launcher" value="SUN_STANDARD"/>
    <property name="java.vm.specification.name" value="Java Virtual Machine Specification"/>
    <property name="user.dir" value="C:\Users\yevhenii.prybytko\OneDrive\Ownframework"/>
    <property name="java.vm.compressedOopsMode" value="Zero based"/>
    <property name="java.runtime.version" value="11.0.7+8-LTS"/>
    <property name="java.awt.graphicsenv" value="sun.awt.Win32GraphicsEnvironment"/>
    <property name="os.arch" value="amd64"/>
    <property name="java.io.tmpdir" value="C:\Users\YEVHEN~1.PRY\AppData\Local\Temp\"/>
    <property name="line.separator" value="
"/>
    <property name="java.vm.specification.vendor" value="Oracle Corporation"/>
    <property name="user.variant" value=""/>
    <property name="os.name" value="Windows 10"/>
    <property name="classworlds.conf" value="C:\ProgramData\chocolatey\lib\maven\apache-maven-3.6.1\bin\..\bin\m2.conf"/>
    <property name="sun.jnu.encoding" value="Cp1252"/>
    <property name="java.library.path" value="C:\Program Files\Java\jdk-11.0.7\bin;C:\WINDOWS\Sun\Java\bin;C:\WINDOWS\system32;C:\WINDOWS;C:\Program Files (x86)\Common Files\Oracle\Java\javapath;C:\Windows\system32;C:\Windows;C:\Windows\System32\Wbem;C:\Windows\System32\WindowsPowerShell\v1.0\;C:\Windows\System32\OpenSSH\;C:\Program Files (x86)\Microsoft SDKs\TypeScript\1.0\;C:\Program Files\Java\jdk-11.0.1\bin;C:\zookeeper-3.4.13\bin;C:\Program Files\nodejs\;C:\Program Files\gauge-1.0.5-windows.x86_64;C:\ProgramData\chocolatey\bin;C:\ProgramData\chocolatey\lib\maven\apache-maven-3.6.1\bin;C:\Program Files\Git\cmd;C:\Program Files\Git\mingw64\bin;C:\Program Files\Git\usr\bin;C:\Program Files\Java\jdk1.8.0_221\bin;C:\Android\android-sdk\tools;C:\Android\android-sdk\platform-tools;C:\Android\android-sdk\tools\bin;C:\WINDOWS\system32;C:\WINDOWS;C:\WINDOWS\System32\Wbem;C:\WINDOWS\System32\WindowsPowerShell\v1.0\;C:\WINDOWS\System32\OpenSSH\;C:\ProgramData\chocolatey\lib\maven\apache-maven-3.6.3\bin;C:\Program Files (x86)\NVIDIA Corporation\PhysX\Common;C:\Program Files\NVIDIA Corporation\NVIDIA NvDLISR;C:\Program Files\Gauge\bin;C:\Users\yevhenii.prybytko\AppData\Roaming\gauge\bin;C:\Program Files\dotnet\;%SystemRoot%\system32;%SystemRoot%;%SystemRoot%\System32\Wbem;%SYSTEMROOT%\System32\WindowsPowerShell\v1.0\;%SYSTEMROOT%\System32\OpenSSH\;C:\Users\yevhenii.prybytko\AppData\Local\Programs\Python\Python37-32\Scripts\;C:\Users\yevhenii.prybytko\AppData\Local\Programs\Python\Python37-32\;C:\Users\yevhenii.prybytko\AppData\Local\Microsoft\WindowsApps;C:\Users\yevhenii.prybytko\AppData\Local\Programs\Fiddler;C:\Users\yevhenii.prybytko\AppData\Local\atom\bin;C:\Program Files\JetBrains\IntelliJ IDEA Community Edition 2018.3.2\bin;;C:\Users\yevhenii.prybytko\AppData\Roaming\npm;C:\ProgramData\chocolatey;;C:\Users\yevhenii.prybytko\AppData\Local\Microsoft\WindowsApps;C:\Program Files\JetBrains\IntelliJ IDEA 2020.3.4\bin;;."/>
    <property name="maven.conf" value="C:\ProgramData\chocolatey\lib\maven\apache-maven-3.6.1\bin\../conf"/>
    <property name="jdk.debug" value="release"/>
    <property name="java.class.version" value="55.0"/>
    <property name="java.specification.name" value="Java Platform API Specification"/>
    <property name="sun.management.compiler" value="HotSpot 64-Bit Tiered Compilers"/>
    <property name="os.version" value="10.0"/>
    <property name="library.jansi.path" value="C:\ProgramData\chocolatey\lib\maven\apache-maven-3.6.1\bin\..\lib\jansi-native"/>
    <property name="user.home" value="C:\Users\yevhenii.prybytko"/>
    <property name="user.timezone" value="Europe/Helsinki"/>
    <property name="java.awt.printerjob" value="sun.awt.windows.WPrinterJob"/>
    <property name="file.encoding" value="Cp1252"/>
    <property name="java.specification.version" value="11"/>
    <property name="user.name" value="yevhenii.prybytko"/>
    <property name="java.class.path" value="C:\ProgramData\chocolatey\lib\maven\apache-maven-3.6.1\bin\..\boot\plexus-classworlds-2.6.0.jar"/>
    <property name="java.vm.specification.version" value="11"/>
    <property name="sun.arch.data.model" value="64"/>
    <property name="sun.java.command" value="org.codehaus.plexus.classworlds.launcher.Launcher clean test -Durl=https://google.ru/ -Dbrowser=FIREFOX"/>
    <property name="java.home" value="C:\Program Files\Java\jdk-11.0.7"/>
    <property name="user.language" value="en"/>
    <property name="java.specification.vendor" value="Oracle Corporation"/>
    <property name="user.language.format" value="uk"/>
    <property name="awt.toolkit" value="sun.awt.windows.WToolkit"/>
    <property name="java.vm.info" value="mixed mode"/>
    <property name="java.version" value="11.0.7"/>
    <property name="java.vendor" value="Oracle Corporation"/>
    <property name="sun.stderr.encoding" value="cp437"/>
    <property name="maven.home" value="C:\ProgramData\chocolatey\lib\maven\apache-maven-3.6.1\bin\.."/>
    <property name="file.separator" value="\"/>
    <property name="java.version.date" value="2020-04-14"/>
    <property name="java.vendor.url.bug" value="https://bugreport.java.com/bugreport/"/>
    <property name="sun.io.unicode.encoding" value="UnicodeLittle"/>
    <property name="sun.cpu.endian" value="little"/>
    <property name="java.vendor.version" value="18.9"/>
    <property name="sun.stdout.encoding" value="cp437"/>
    <property name="sun.desktop" value="windows"/>
    <property name="sun.cpu.isalist" value="amd64"/>
  </properties>
  <testcase classname="tests.SearchTest" name="openGoogleComInChromeTest2" time="3.487"/>
  <testcase classname="tests.SearchTest" name="openGoogleComInChromeTest2" time="3.421"/>
  <testcase classname="tests.SearchTest" name="searchSeleniumResults" time="3.448"/>
</testsuite>