<?xml version="1.0" encoding="UTF-8"?>
<!-- Generated by org.testng.reporters.JUnitReportReporter -->
<testsuite hostname="HOF10220L" failures="0" tests="3" name="tests.SearchTest" time="11.257" errors="0" timestamp="2021-10-15T16:28:47 EEST" skipped="0">
  <testcase classname="tests.SearchTest" name="searchSeleniumResults" time="3.736"/>
  <system-out/>
  <testcase classname="tests.SearchTest" name="openGoogleComInChromeTest2" time="3.751"/>
  <system-out/>
  <testcase classname="tests.SearchTest" name="openGoogleComInChromeTest2" time="3.770"/>
  <system-out/>
</testsuite> <!-- tests.SearchTest -->
